{"/Users/nazardosmukhambetov/Desktop/FE/parking_app/backend/server/server.ts": {"path":"/Users/nazardosmukhambetov/Desktop/FE/parking_app/backend/server/server.ts","statementMap":{"0":{"start":{"line":1,"column":0},"end":{"line":1,"column":30}},"1":{"start":{"line":2,"column":0},"end":{"line":2,"column":24}},"2":{"start":{"line":3,"column":0},"end":{"line":3,"column":37}},"3":{"start":{"line":4,"column":0},"end":{"line":4,"column":48}},"4":{"start":{"line":5,"column":0},"end":{"line":5,"column":55}},"5":{"start":{"line":6,"column":0},"end":{"line":6,"column":47}},"6":{"start":{"line":8,"column":12},"end":{"line":8,"column":21}},"7":{"start":{"line":9,"column":13},"end":{"line":9,"column":17}},"8":{"start":{"line":11,"column":0},"end":{"line":11,"column":16}},"9":{"start":{"line":12,"column":0},"end":{"line":12,"column":27}},"10":{"start":{"line":13,"column":0},"end":{"line":13,"column":33}},"11":{"start":{"line":14,"column":0},"end":{"line":14,"column":40}},"12":{"start":{"line":16,"column":0},"end":{"line":25,"column":5}},"13":{"start":{"line":18,"column":4},"end":{"line":20,"column":7}},"14":{"start":{"line":19,"column":6},"end":{"line":19,"column":67}},"15":{"start":{"line":23,"column":4},"end":{"line":23,"column":53}},"16":{"start":{"line":24,"column":4},"end":{"line":24,"column":20}},"17":{"start":{"line":27,"column":0},"end":{"line":27,"column":19}}},"fnMap":{"0":{"name":"(anonymous_1)","decl":{"start":{"line":17,"column":8},"end":{"line":17,"column":11}},"loc":{"start":{"line":17,"column":13},"end":{"line":21,"column":3}}},"1":{"name":"(anonymous_2)","decl":{"start":{"line":18,"column":21},"end":{"line":18,"column":24}},"loc":{"start":{"line":18,"column":26},"end":{"line":20,"column":5}}},"2":{"name":"(anonymous_3)","decl":{"start":{"line":22,"column":9},"end":{"line":22,"column":10}},"loc":{"start":{"line":22,"column":17},"end":{"line":25,"column":3}}}},"branchMap":{},"s":{"0":1,"1":1,"2":1,"3":1,"4":1,"5":1,"6":1,"7":1,"8":1,"9":1,"10":1,"11":1,"12":1,"13":1,"14":1,"15":0,"16":0,"17":1},"f":{"0":1,"1":1,"2":0},"b":{}}
,"/Users/nazardosmukhambetov/Desktop/FE/parking_app/backend/server/config/db.ts": {"path":"/Users/nazardosmukhambetov/Desktop/FE/parking_app/backend/server/config/db.ts","statementMap":{"0":{"start":{"line":23,"column":0},"end":{"line":23,"column":7}},"1":{"start":{"line":1,"column":0},"end":{"line":1,"column":51}},"2":{"start":{"line":3,"column":25},"end":{"line":9,"column":2}},"3":{"start":{"line":11,"column":36},"end":{"line":11,"column":40}},"4":{"start":{"line":14,"column":2},"end":{"line":20,"column":3}},"5":{"start":{"line":15,"column":4},"end":{"line":15,"column":64}},"6":{"start":{"line":16,"column":4},"end":{"line":16,"column":46}},"7":{"start":{"line":18,"column":4},"end":{"line":18,"column":63}},"8":{"start":{"line":19,"column":4},"end":{"line":19,"column":16}},"9":{"start":{"line":24,"column":2},"end":{"line":26,"column":3}},"10":{"start":{"line":25,"column":4},"end":{"line":25,"column":20}},"11":{"start":{"line":27,"column":2},"end":{"line":27,"column":21}}},"fnMap":{"0":{"name":"connect","decl":{"start":{"line":13,"column":15},"end":{"line":13,"column":22}},"loc":{"start":{"line":13,"column":22},"end":{"line":21,"column":1}}},"1":{"name":"getConnection","decl":{"start":{"line":23,"column":22},"end":{"line":23,"column":35}},"loc":{"start":{"line":23,"column":35},"end":{"line":28,"column":1}}}},"branchMap":{"0":{"loc":{"start":{"line":24,"column":2},"end":{"line":26,"column":3}},"type":"if","locations":[{"start":{"line":24,"column":2},"end":{"line":26,"column":3}}]}},"s":{"0":1,"1":1,"2":1,"3":1,"4":1,"5":1,"6":1,"7":0,"8":0,"9":2,"10":1,"11":2},"f":{"0":1,"1":2},"b":{"0":[1]}}
,"/Users/nazardosmukhambetov/Desktop/FE/parking_app/backend/server/controllers/authController.ts": {"path":"/Users/nazardosmukhambetov/Desktop/FE/parking_app/backend/server/controllers/authController.ts","statementMap":{"0":{"start":{"line":2,"column":0},"end":{"line":2,"column":45}},"1":{"start":{"line":4,"column":0},"end":{"line":4,"column":55}},"2":{"start":{"line":6,"column":24},"end":{"line":21,"column":1}},"3":{"start":{"line":7,"column":51},"end":{"line":7,"column":59}},"4":{"start":{"line":9,"column":2},"end":{"line":11,"column":3}},"5":{"start":{"line":10,"column":4},"end":{"line":10,"column":70}},"6":{"start":{"line":13,"column":2},"end":{"line":20,"column":3}},"7":{"start":{"line":14,"column":4},"end":{"line":14,"column":79}},"8":{"start":{"line":15,"column":4},"end":{"line":15,"column":73}},"9":{"start":{"line":16,"column":4},"end":{"line":16,"column":70}},"10":{"start":{"line":18,"column":4},"end":{"line":18,"column":55}},"11":{"start":{"line":19,"column":4},"end":{"line":19,"column":76}},"12":{"start":{"line":6,"column":13},"end":{"line":6,"column":24}},"13":{"start":{"line":23,"column":21},"end":{"line":38,"column":1}},"14":{"start":{"line":24,"column":30},"end":{"line":24,"column":38}},"15":{"start":{"line":27,"column":2},"end":{"line":29,"column":3}},"16":{"start":{"line":28,"column":4},"end":{"line":28,"column":78}},"17":{"start":{"line":31,"column":2},"end":{"line":37,"column":3}},"18":{"start":{"line":32,"column":18},"end":{"line":32,"column":62}},"19":{"start":{"line":33,"column":4},"end":{"line":33,"column":36}},"20":{"start":{"line":35,"column":4},"end":{"line":35,"column":48}},"21":{"start":{"line":36,"column":4},"end":{"line":36,"column":69}},"22":{"start":{"line":23,"column":13},"end":{"line":23,"column":21}},"23":{"start":{"line":40,"column":31},"end":{"line":54,"column":1}},"24":{"start":{"line":41,"column":20},"end":{"line":41,"column":28}},"25":{"start":{"line":43,"column":2},"end":{"line":45,"column":3}},"26":{"start":{"line":44,"column":4},"end":{"line":44,"column":71}},"27":{"start":{"line":47,"column":2},"end":{"line":53,"column":3}},"28":{"start":{"line":48,"column":21},"end":{"line":48,"column":61}},"29":{"start":{"line":49,"column":4},"end":{"line":49,"column":46}},"30":{"start":{"line":51,"column":4},"end":{"line":51,"column":55}},"31":{"start":{"line":52,"column":4},"end":{"line":52,"column":76}},"32":{"start":{"line":40,"column":13},"end":{"line":40,"column":31}},"33":{"start":{"line":56,"column":27},"end":{"line":77,"column":1}},"34":{"start":{"line":57,"column":18},"end":{"line":57,"column":42}},"35":{"start":{"line":59,"column":2},"end":{"line":61,"column":3}},"36":{"start":{"line":60,"column":4},"end":{"line":60,"column":69}},"37":{"start":{"line":63,"column":2},"end":{"line":76,"column":3}},"38":{"start":{"line":64,"column":18},"end":{"line":64,"column":77}},"39":{"start":{"line":65,"column":23},"end":{"line":65,"column":44}},"40":{"start":{"line":66,"column":19},"end":{"line":66,"column":77}},"41":{"start":{"line":68,"column":4},"end":{"line":70,"column":5}},"42":{"start":{"line":69,"column":6},"end":{"line":69,"column":63}},"43":{"start":{"line":72,"column":4},"end":{"line":72,"column":34}},"44":{"start":{"line":74,"column":4},"end":{"line":74,"column":54}},"45":{"start":{"line":75,"column":4},"end":{"line":75,"column":85}},"46":{"start":{"line":56,"column":13},"end":{"line":56,"column":27}}},"fnMap":{"0":{"name":"(anonymous_9)","decl":{"start":{"line":6,"column":24},"end":{"line":6,"column":29}},"loc":{"start":{"line":6,"column":76},"end":{"line":21,"column":1}}},"1":{"name":"(anonymous_10)","decl":{"start":{"line":23,"column":21},"end":{"line":23,"column":26}},"loc":{"start":{"line":23,"column":73},"end":{"line":38,"column":1}}},"2":{"name":"(anonymous_11)","decl":{"start":{"line":40,"column":31},"end":{"line":40,"column":36}},"loc":{"start":{"line":40,"column":83},"end":{"line":54,"column":1}}},"3":{"name":"(anonymous_12)","decl":{"start":{"line":56,"column":27},"end":{"line":56,"column":32}},"loc":{"start":{"line":56,"column":79},"end":{"line":77,"column":1}}}},"branchMap":{"0":{"loc":{"start":{"line":9,"column":2},"end":{"line":11,"column":3}},"type":"if","locations":[{"start":{"line":9,"column":2},"end":{"line":11,"column":3}}]},"1":{"loc":{"start":{"line":9,"column":6},"end":{"line":9,"column":52}},"type":"binary-expr","locations":[{"start":{"line":9,"column":6},"end":{"line":9,"column":16}},{"start":{"line":9,"column":20},"end":{"line":9,"column":29}},{"start":{"line":9,"column":33},"end":{"line":9,"column":39}},{"start":{"line":9,"column":43},"end":{"line":9,"column":52}}]},"2":{"loc":{"start":{"line":19,"column":34},"end":{"line":19,"column":72}},"type":"binary-expr","locations":[{"start":{"line":19,"column":34},"end":{"line":19,"column":47}},{"start":{"line":19,"column":51},"end":{"line":19,"column":72}}]},"3":{"loc":{"start":{"line":27,"column":2},"end":{"line":29,"column":3}},"type":"if","locations":[{"start":{"line":27,"column":2},"end":{"line":29,"column":3}}]},"4":{"loc":{"start":{"line":27,"column":6},"end":{"line":27,"column":25}},"type":"binary-expr","locations":[{"start":{"line":27,"column":6},"end":{"line":27,"column":12}},{"start":{"line":27,"column":16},"end":{"line":27,"column":25}}]},"5":{"loc":{"start":{"line":36,"column":34},"end":{"line":36,"column":65}},"type":"binary-expr","locations":[{"start":{"line":36,"column":34},"end":{"line":36,"column":47}},{"start":{"line":36,"column":51},"end":{"line":36,"column":65}}]},"6":{"loc":{"start":{"line":43,"column":2},"end":{"line":45,"column":3}},"type":"if","locations":[{"start":{"line":43,"column":2},"end":{"line":45,"column":3}}]},"7":{"loc":{"start":{"line":52,"column":34},"end":{"line":52,"column":72}},"type":"binary-expr","locations":[{"start":{"line":52,"column":34},"end":{"line":52,"column":47}},{"start":{"line":52,"column":51},"end":{"line":52,"column":72}}]},"8":{"loc":{"start":{"line":59,"column":2},"end":{"line":61,"column":3}},"type":"if","locations":[{"start":{"line":59,"column":2},"end":{"line":61,"column":3}}]},"9":{"loc":{"start":{"line":68,"column":4},"end":{"line":70,"column":5}},"type":"if","locations":[{"start":{"line":68,"column":4},"end":{"line":70,"column":5}}]},"10":{"loc":{"start":{"line":68,"column":8},"end":{"line":68,"column":48}},"type":"binary-expr","locations":[{"start":{"line":68,"column":8},"end":{"line":68,"column":27}},{"start":{"line":68,"column":31},"end":{"line":68,"column":48}}]},"11":{"loc":{"start":{"line":75,"column":34},"end":{"line":75,"column":81}},"type":"binary-expr","locations":[{"start":{"line":75,"column":34},"end":{"line":75,"column":47}},{"start":{"line":75,"column":51},"end":{"line":75,"column":81}}]}},"s":{"0":1,"1":1,"2":1,"3":2,"4":2,"5":1,"6":1,"7":1,"8":1,"9":1,"10":0,"11":0,"12":1,"13":1,"14":0,"15":0,"16":0,"17":0,"18":0,"19":0,"20":0,"21":0,"22":1,"23":1,"24":0,"25":0,"26":0,"27":0,"28":0,"29":0,"30":0,"31":0,"32":1,"33":1,"34":0,"35":0,"36":0,"37":0,"38":0,"39":0,"40":0,"41":0,"42":0,"43":0,"44":0,"45":0,"46":1},"f":{"0":2,"1":0,"2":0,"3":0},"b":{"0":[1],"1":[2,1,1,1],"2":[0,0],"3":[0],"4":[0,0],"5":[0,0],"6":[0],"7":[0,0],"8":[0],"9":[0],"10":[0,0],"11":[0,0]}}
,"/Users/nazardosmukhambetov/Desktop/FE/parking_app/backend/server/controllers/requestsController.ts": {"path":"/Users/nazardosmukhambetov/Desktop/FE/parking_app/backend/server/controllers/requestsController.ts","statementMap":{"0":{"start":{"line":2,"column":0},"end":{"line":2,"column":48}},"1":{"start":{"line":4,"column":26},"end":{"line":25,"column":1}},"2":{"start":{"line":5,"column":89},"end":{"line":5,"column":97}},"3":{"start":{"line":7,"column":2},"end":{"line":10,"column":3}},"4":{"start":{"line":8,"column":4},"end":{"line":8,"column":63}},"5":{"start":{"line":9,"column":4},"end":{"line":9,"column":11}},"6":{"start":{"line":12,"column":2},"end":{"line":24,"column":3}},"7":{"start":{"line":13,"column":23},"end":{"line":13,"column":44}},"8":{"start":{"line":14,"column":26},"end":{"line":17,"column":null}},"9":{"start":{"line":20,"column":4},"end":{"line":20,"column":96}},"10":{"start":{"line":22,"column":4},"end":{"line":22,"column":50}},"11":{"start":{"line":23,"column":4},"end":{"line":23,"column":61}},"12":{"start":{"line":4,"column":13},"end":{"line":4,"column":26}},"13":{"start":{"line":27,"column":27},"end":{"line":37,"column":1}},"14":{"start":{"line":28,"column":2},"end":{"line":36,"column":3}},"15":{"start":{"line":29,"column":23},"end":{"line":29,"column":44}},"16":{"start":{"line":30,"column":24},"end":{"line":30,"column":99}},"17":{"start":{"line":32,"column":4},"end":{"line":32,"column":31}},"18":{"start":{"line":34,"column":4},"end":{"line":34,"column":55}},"19":{"start":{"line":35,"column":4},"end":{"line":35,"column":61}},"20":{"start":{"line":27,"column":13},"end":{"line":27,"column":27}}},"fnMap":{"0":{"name":"(anonymous_0)","decl":{"start":{"line":4,"column":26},"end":{"line":4,"column":31}},"loc":{"start":{"line":4,"column":79},"end":{"line":25,"column":1}}},"1":{"name":"(anonymous_1)","decl":{"start":{"line":27,"column":27},"end":{"line":27,"column":32}},"loc":{"start":{"line":27,"column":80},"end":{"line":37,"column":1}}}},"branchMap":{"0":{"loc":{"start":{"line":7,"column":2},"end":{"line":10,"column":3}},"type":"if","locations":[{"start":{"line":7,"column":2},"end":{"line":10,"column":3}}]},"1":{"loc":{"start":{"line":7,"column":6},"end":{"line":7,"column":93}},"type":"binary-expr","locations":[{"start":{"line":7,"column":6},"end":{"line":7,"column":20}},{"start":{"line":7,"column":24},"end":{"line":7,"column":39}},{"start":{"line":7,"column":43},"end":{"line":7,"column":58}},{"start":{"line":7,"column":62},"end":{"line":7,"column":78}},{"start":{"line":7,"column":82},"end":{"line":7,"column":93}}]}},"s":{"0":1,"1":1,"2":0,"3":0,"4":0,"5":0,"6":0,"7":0,"8":0,"9":0,"10":0,"11":0,"12":1,"13":1,"14":0,"15":0,"16":0,"17":0,"18":0,"19":0,"20":1},"f":{"0":0,"1":0},"b":{"0":[0],"1":[0,0,0,0,0]}}
,"/Users/nazardosmukhambetov/Desktop/FE/parking_app/backend/server/middleware/middleware.ts": {"path":"/Users/nazardosmukhambetov/Desktop/FE/parking_app/backend/server/middleware/middleware.ts","statementMap":{"0":{"start":{"line":1,"column":0},"end":{"line":1,"column":31}},"1":{"start":{"line":8,"column":33},"end":{"line":25,"column":1}},"2":{"start":{"line":9,"column":16},"end":{"line":9,"column":67}},"3":{"start":{"line":11,"column":2},"end":{"line":14,"column":3}},"4":{"start":{"line":12,"column":4},"end":{"line":12,"column":57}},"5":{"start":{"line":13,"column":4},"end":{"line":13,"column":11}},"6":{"start":{"line":16,"column":2},"end":{"line":24,"column":5}},"7":{"start":{"line":17,"column":4},"end":{"line":20,"column":5}},"8":{"start":{"line":18,"column":6},"end":{"line":18,"column":66}},"9":{"start":{"line":19,"column":6},"end":{"line":19,"column":13}},"10":{"start":{"line":22,"column":4},"end":{"line":22,"column":20}},"11":{"start":{"line":23,"column":4},"end":{"line":23,"column":11}},"12":{"start":{"line":8,"column":13},"end":{"line":8,"column":33}}},"fnMap":{"0":{"name":"(anonymous_1)","decl":{"start":{"line":8,"column":33},"end":{"line":8,"column":34}},"loc":{"start":{"line":8,"column":104},"end":{"line":25,"column":1}}},"1":{"name":"(anonymous_2)","decl":{"start":{"line":16,"column":33},"end":{"line":16,"column":34}},"loc":{"start":{"line":16,"column":47},"end":{"line":24,"column":3}}}},"branchMap":{"0":{"loc":{"start":{"line":11,"column":2},"end":{"line":14,"column":3}},"type":"if","locations":[{"start":{"line":11,"column":2},"end":{"line":14,"column":3}}]},"1":{"loc":{"start":{"line":17,"column":4},"end":{"line":20,"column":5}},"type":"if","locations":[{"start":{"line":17,"column":4},"end":{"line":20,"column":5}}]}},"s":{"0":1,"1":1,"2":0,"3":0,"4":0,"5":0,"6":0,"7":0,"8":0,"9":0,"10":0,"11":0,"12":1},"f":{"0":0,"1":0},"b":{"0":[0],"1":[0]}}
,"/Users/nazardosmukhambetov/Desktop/FE/parking_app/backend/server/routes/authRoutes.ts": {"path":"/Users/nazardosmukhambetov/Desktop/FE/parking_app/backend/server/routes/authRoutes.ts","statementMap":{"0":{"start":{"line":1,"column":0},"end":{"line":1,"column":30}},"1":{"start":{"line":2,"column":0},"end":{"line":2,"column":67}},"2":{"start":{"line":3,"column":0},"end":{"line":3,"column":64}},"3":{"start":{"line":5,"column":15},"end":{"line":5,"column":31}},"4":{"start":{"line":7,"column":0},"end":{"line":7,"column":48}},"5":{"start":{"line":8,"column":0},"end":{"line":8,"column":44}},"6":{"start":{"line":9,"column":0},"end":{"line":9,"column":61}},"7":{"start":{"line":10,"column":0},"end":{"line":10,"column":72}},"8":{"start":{"line":12,"column":0},"end":{"line":12,"column":22}}},"fnMap":{},"branchMap":{},"s":{"0":1,"1":1,"2":1,"3":1,"4":1,"5":1,"6":1,"7":1,"8":1},"f":{},"b":{}}
,"/Users/nazardosmukhambetov/Desktop/FE/parking_app/backend/server/routes/requestsRoutes.ts": {"path":"/Users/nazardosmukhambetov/Desktop/FE/parking_app/backend/server/routes/requestsRoutes.ts","statementMap":{"0":{"start":{"line":1,"column":0},"end":{"line":1,"column":30}},"1":{"start":{"line":2,"column":0},"end":{"line":2,"column":70}},"2":{"start":{"line":4,"column":15},"end":{"line":4,"column":31}},"3":{"start":{"line":6,"column":0},"end":{"line":6,"column":52}},"4":{"start":{"line":7,"column":0},"end":{"line":7,"column":52}},"5":{"start":{"line":9,"column":0},"end":{"line":9,"column":22}}},"fnMap":{},"branchMap":{},"s":{"0":1,"1":1,"2":1,"3":1,"4":1,"5":1},"f":{},"b":{}}
,"/Users/nazardosmukhambetov/Desktop/FE/parking_app/backend/server/services/authService.ts": {"path":"/Users/nazardosmukhambetov/Desktop/FE/parking_app/backend/server/services/authService.ts","statementMap":{"0":{"start":{"line":1,"column":0},"end":{"line":1,"column":28}},"1":{"start":{"line":2,"column":0},"end":{"line":2,"column":31}},"2":{"start":{"line":3,"column":0},"end":{"line":3,"column":51}},"3":{"start":{"line":4,"column":0},"end":{"line":4,"column":48}},"4":{"start":{"line":6,"column":15},"end":{"line":6,"column":56}},"5":{"start":{"line":8,"column":22},"end":{"line":10,"column":1}},"6":{"start":{"line":9,"column":2},"end":{"line":9,"column":64}},"7":{"start":{"line":12,"column":28},"end":{"line":26,"column":1}},"8":{"start":{"line":18,"column":2},"end":{"line":20,"column":3}},"9":{"start":{"line":19,"column":4},"end":{"line":19,"column":41}},"10":{"start":{"line":22,"column":25},"end":{"line":22,"column":56}},"11":{"start":{"line":23,"column":16},"end":{"line":23,"column":95}},"12":{"start":{"line":24,"column":21},"end":{"line":24,"column":42}},"13":{"start":{"line":25,"column":2},"end":{"line":25,"column":80}},"14":{"start":{"line":12,"column":13},"end":{"line":12,"column":28}},"15":{"start":{"line":28,"column":25},"end":{"line":42,"column":1}},"16":{"start":{"line":29,"column":2},"end":{"line":31,"column":3}},"17":{"start":{"line":30,"column":4},"end":{"line":30,"column":55}},"18":{"start":{"line":33,"column":16},"end":{"line":33,"column":53}},"19":{"start":{"line":34,"column":21},"end":{"line":34,"column":42}},"20":{"start":{"line":35,"column":22},"end":{"line":35,"column":62}},"21":{"start":{"line":37,"column":2},"end":{"line":37,"column":59}},"22":{"start":{"line":37,"column":25},"end":{"line":37,"column":59}},"23":{"start":{"line":38,"column":15},"end":{"line":38,"column":22}},"24":{"start":{"line":39,"column":18},"end":{"line":39,"column":64}},"25":{"start":{"line":40,"column":2},"end":{"line":40,"column":52}},"26":{"start":{"line":40,"column":16},"end":{"line":40,"column":52}},"27":{"start":{"line":41,"column":2},"end":{"line":41,"column":32}},"28":{"start":{"line":28,"column":13},"end":{"line":28,"column":25}},"29":{"start":{"line":44,"column":31},"end":{"line":77,"column":1}},"30":{"start":{"line":45,"column":2},"end":{"line":47,"column":3}},"31":{"start":{"line":46,"column":4},"end":{"line":46,"column":48}},"32":{"start":{"line":49,"column":17},"end":{"line":52,"column":4}},"33":{"start":{"line":54,"column":18},"end":{"line":54,"column":37}},"34":{"start":{"line":55,"column":2},"end":{"line":55,"column":56}},"35":{"start":{"line":55,"column":16},"end":{"line":55,"column":56}},"36":{"start":{"line":57,"column":16},"end":{"line":57,"column":30}},"37":{"start":{"line":58,"column":21},"end":{"line":58,"column":42}},"38":{"start":{"line":59,"column":16},"end":{"line":59,"column":53}},"39":{"start":{"line":60,"column":22},"end":{"line":60,"column":62}},"40":{"start":{"line":63,"column":2},"end":{"line":74,"column":3}},"41":{"start":{"line":64,"column":4},"end":{"line":69,"column":6}},"42":{"start":{"line":70,"column":24},"end":{"line":70,"column":89}},"43":{"start":{"line":71,"column":4},"end":{"line":71,"column":87}},"44":{"start":{"line":73,"column":4},"end":{"line":73,"column":19}},"45":{"start":{"line":76,"column":2},"end":{"line":76,"column":32}},"46":{"start":{"line":44,"column":13},"end":{"line":44,"column":31}}},"fnMap":{"0":{"name":"(anonymous_1)","decl":{"start":{"line":8,"column":22},"end":{"line":8,"column":23}},"loc":{"start":{"line":8,"column":49},"end":{"line":10,"column":1}}},"1":{"name":"(anonymous_2)","decl":{"start":{"line":12,"column":28},"end":{"line":12,"column":33}},"loc":{"start":{"line":17,"column":19},"end":{"line":26,"column":1}}},"2":{"name":"(anonymous_3)","decl":{"start":{"line":28,"column":25},"end":{"line":28,"column":30}},"loc":{"start":{"line":28,"column":84},"end":{"line":42,"column":1}}},"3":{"name":"(anonymous_4)","decl":{"start":{"line":44,"column":31},"end":{"line":44,"column":36}},"loc":{"start":{"line":44,"column":82},"end":{"line":77,"column":1}}}},"branchMap":{"0":{"loc":{"start":{"line":18,"column":2},"end":{"line":20,"column":3}},"type":"if","locations":[{"start":{"line":18,"column":2},"end":{"line":20,"column":3}}]},"1":{"loc":{"start":{"line":18,"column":6},"end":{"line":18,"column":52}},"type":"binary-expr","locations":[{"start":{"line":18,"column":6},"end":{"line":18,"column":16}},{"start":{"line":18,"column":20},"end":{"line":18,"column":29}},{"start":{"line":18,"column":33},"end":{"line":18,"column":39}},{"start":{"line":18,"column":43},"end":{"line":18,"column":52}}]},"2":{"loc":{"start":{"line":29,"column":2},"end":{"line":31,"column":3}},"type":"if","locations":[{"start":{"line":29,"column":2},"end":{"line":31,"column":3}}]},"3":{"loc":{"start":{"line":29,"column":6},"end":{"line":29,"column":25}},"type":"binary-expr","locations":[{"start":{"line":29,"column":6},"end":{"line":29,"column":12}},{"start":{"line":29,"column":16},"end":{"line":29,"column":25}}]},"4":{"loc":{"start":{"line":37,"column":2},"end":{"line":37,"column":59}},"type":"if","locations":[{"start":{"line":37,"column":2},"end":{"line":37,"column":59}}]},"5":{"loc":{"start":{"line":40,"column":2},"end":{"line":40,"column":52}},"type":"if","locations":[{"start":{"line":40,"column":2},"end":{"line":40,"column":52}}]},"6":{"loc":{"start":{"line":45,"column":2},"end":{"line":47,"column":3}},"type":"if","locations":[{"start":{"line":45,"column":2},"end":{"line":47,"column":3}}]},"7":{"loc":{"start":{"line":55,"column":2},"end":{"line":55,"column":56}},"type":"if","locations":[{"start":{"line":55,"column":2},"end":{"line":55,"column":56}}]},"8":{"loc":{"start":{"line":63,"column":2},"end":{"line":74,"column":3}},"type":"if","locations":[{"start":{"line":63,"column":2},"end":{"line":74,"column":3}},{"start":{"line":72,"column":9},"end":{"line":74,"column":3}}]}},"s":{"0":2,"1":2,"2":2,"3":2,"4":2,"5":2,"6":0,"7":2,"8":3,"9":1,"10":2,"11":2,"12":2,"13":2,"14":2,"15":2,"16":0,"17":0,"18":0,"19":0,"20":0,"21":0,"22":0,"23":0,"24":0,"25":0,"26":0,"27":0,"28":2,"29":2,"30":0,"31":0,"32":0,"33":0,"34":0,"35":0,"36":0,"37":0,"38":0,"39":0,"40":0,"41":0,"42":0,"43":0,"44":0,"45":0,"46":2},"f":{"0":0,"1":3,"2":0,"3":0},"b":{"0":[1],"1":[3,2,2,2],"2":[0],"3":[0,0],"4":[0],"5":[0],"6":[0],"7":[0],"8":[0,0]}}
}
